
ff: parsing domain file
domain 'LIBROS-DOMAIN' defined
 ... done.
ff: parsing problem file
problem 'LIBROS-PROB' defined
 ... done.


no metric specified. plan length assumed.

checking for cyclic := effects --- OK.

ff: search configuration is EHC, if that fails then  best-first on 1*g(s) + 5*h(s) where
    metric is  plan length

Cueing down from goal distance:    5 into depth [1]
                                   4            [1]
                                   3            [1][2][3][4]
                                   2            [1]
                                   1            [1]
                                   0            

ff: found legal plan as follows

step    0: CUARTO LIB1 MES1
        1: CUARTO LIB2 MES2
        2: CUARTO LIB3 MES3
        3: CUARTO LIB12 MES1
        4: CUARTO LIB13 MES3
        5: CUARTO LIB4 MES4
        6: CUARTO LIB14 MES4
        7: REACH-GOAL
     

time spent:    3.43 seconds instantiating 108 easy, 540 hard action templates
               0.00 seconds reachability analysis, yielding 55 facts and 8840 actions
               3.39 seconds creating final representation with 55 relevant facts, 21 relevant fluents
               0.05 seconds computing LNF
               0.03 seconds building connectivity graph
               2.36 seconds searching, evaluating 1303 states, to a max depth of 4
               9.26 seconds total time

