
ff: parsing domain file
domain 'LIBROS-DOMAIN' defined
 ... done.
ff: parsing problem file
problem 'LIBROS-PROB' defined
 ... done.


no metric specified. plan length assumed.

checking for cyclic := effects --- OK.

ff: search configuration is EHC, if that fails then  best-first on 1*g(s) + 5*h(s) where
    metric is  plan length

Cueing down from goal distance:    5 into depth [1]
                                   4            [1]
                                   3            [1]
                                   2            [1]
                                   1            [1]
                                   0            

ff: found legal plan as follows

step    0: CUARTO LIB3 MES1
        1: CUARTO LIB4 MES2
        2: CUARTO LIB2 MES3
        3: CUARTO LIB7 MES2
        4: REACH-GOAL
     

time spent:    0.16 seconds instantiating 120 easy, 528 hard action templates
               0.00 seconds reachability analysis, yielding 52 facts and 1672 actions
               0.08 seconds creating final representation with 49 relevant facts, 41 relevant fluents
               0.00 seconds computing LNF
               0.01 seconds building connectivity graph
               0.00 seconds searching, evaluating 6 states, to a max depth of 1
               0.25 seconds total time

